<!DOCTYPE html PUBLIC "-//W3C//DTD XHTML 1.1//EN" "https://www.w3.org/TR/xhtml11/DTD/xhtml11.dtd">
<html xmlns="https://www.w3.org/1999/xhtml">
<head>
<meta http-equiv="content-type" content="text/html; charset=UTF-8"/>
<title>TestNG Report</title>
<style type="text/css">table {margin-bottom:10px;border-collapse:collapse;empty-cells:show}th,td {border:1px solid #009;padding:.25em .5em}th {vertical-align:bottom}td {vertical-align:top}table a {font-weight:bold}.stripe td {background-color: #E6EBF9}.num {text-align:right}.passedodd td {background-color: #3F3}.passedeven td {background-color: #0A0}.skippedodd td {background-color: #DDD}.skippedeven td {background-color: #CCC}.failedodd td,.attn {background-color: #F33}.failedeven td,.stripe .attn {background-color: #D00}.stacktrace {white-space:pre;font-family:monospace}.totop {font-size:85%;text-align:center;border-bottom:2px solid #000}.invisible {display:none}</style>
</head>
<body>
<table>
<tr><th>Test</th><th># Passed</th><th># Skipped</th><th># Retried</th><th># Failed</th><th>Time (ms)</th><th>Included Groups</th><th>Excluded Groups</th></tr>
<tr><th colspan="8">amazon-test</th></tr>
<tr><td><a href="#t0">Test</a></td><td class="num">5</td><td class="num">0</td><td class="num">0</td><td class="num attn">2</td><td class="num">252,927</td><td></td><td></td></tr>
</table>
<table id='summary'><thead><tr><th>Class</th><th>Method</th><th>Start</th><th>Time (ms)</th></tr></thead><tbody><tr><th colspan="4">amazon-test</th></tr></tbody><tbody id="t0"><tr><th colspan="4">Test &#8212; failed</th></tr><tr class="failedeven"><td rowspan="2">tests.Cart_test</td><td><a href="#m0">RemoveFromCart_Test</a></td><td rowspan="1">1651754900490</td><td rowspan="1">26522</td></tr><tr class="failedeven"><td><a href="#m1">product_Price_Validation</a></td><td rowspan="1">1651754933894</td><td rowspan="1">33722</td></tr><tr><th colspan="4">Test &#8212; passed</th></tr><tr class="passedeven"><td rowspan="3">tests.Amazon_login_test</td><td><a href="#m2">login_test</a></td><td rowspan="3">1651754851528</td><td rowspan="3">2239</td></tr><tr class="passedeven"><td><a href="#m3">login_test</a></td></tr><tr class="passedeven"><td><a href="#m4">login_test</a></td></tr><tr class="passedodd"><td rowspan="2">tests.Cart_test</td><td><a href="#m5">addToCart_Test</a></td><td rowspan="1">1651754862315</td><td rowspan="1">30209</td></tr><tr class="passedodd"><td><a href="#m6">subTotalAmountValidation</a></td><td rowspan="1">1651754977793</td><td rowspan="1">41585</td></tr></tbody>
</table>
<h2>Test</h2><h3 id="m0">tests.Cart_test#RemoveFromCart_Test</h3><table class="result"><tr class="param"><th>Parameter #1</th></tr><tr class="param stripe"><td>redmi note 11</td></tr><tr><th>Exception</th></tr><tr><td><div class="stacktrace">java.lang.AssertionError: expected [true] but found [false]
	at tests.Cart_test.RemoveFromCart_Test(Cart_test.java:32)
	at java.util.ArrayList.forEach(ArrayList.java:1257)
... Removed 35 stack frames</div></td></tr></table><p class="totop"><a href="#summary">back to summary</a></p>
<h3 id="m1">tests.Cart_test#product_Price_Validation</h3><table class="result"><tr class="param"><th>Parameter #1</th></tr><tr class="param stripe"><td>redmi note 11</td></tr><tr><th>Exception</th></tr><tr><td><div class="stacktrace">org.openqa.selenium.NoSuchElementException: no such element: Unable to locate element: {&quot;method&quot;:&quot;xpath&quot;,&quot;selector&quot;:&quot;//span[@class=&apos;a-price sc-product-price&apos;]//span[@class=&apos;a-price-whole&apos;]&quot;}
  (Session info: chrome=101.0.4951.41)
For documentation on this error, please visit: https://selenium.dev/exceptions/#no_such_element
Build info: version: &apos;4.1.3&apos;, revision: &apos;7b1ebf28ef&apos;
System info: host: &apos;MAVCHN1121513&apos;, ip: &apos;192.168.43.97&apos;, os.name: &apos;Windows 10&apos;, os.arch: &apos;amd64&apos;, os.version: &apos;10.0&apos;, java.version: &apos;1.8.0_241&apos;
Driver info: org.openqa.selenium.chrome.ChromeDriver
Command: [d060178d1f00bec214a351060f64b3ed, findElement {using=xpath, value=//span[@class=&apos;a-price sc-product-price&apos;]//span[@class=&apos;a-price-whole&apos;]}]
Capabilities {acceptInsecureCerts: false, browserName: chrome, browserVersion: 101.0.4951.41, chrome: {chromedriverVersion: 101.0.4951.41 (93c720db8323..., userDataDir: C:\Users\ramug\AppData\Loca...}, goog:chromeOptions: {debuggerAddress: localhost:56028}, javascriptEnabled: true, networkConnectionEnabled: false, pageLoadStrategy: normal, platform: WINDOWS, platformName: WINDOWS, proxy: Proxy(), se:cdp: ws://localhost:56028/devtoo..., se:cdpVersion: 101.0.4951.41, setWindowRect: true, strictFileInteractability: false, timeouts: {implicit: 0, pageLoad: 300000, script: 30000}, unhandledPromptBehavior: dismiss and notify, webauthn:extension:credBlob: true, webauthn:extension:largeBlob: true, webauthn:virtualAuthenticators: true}
Session ID: d060178d1f00bec214a351060f64b3ed
	at org.openqa.selenium.remote.codec.w3c.W3CHttpResponseCodec.createException(W3CHttpResponseCodec.java:200)
	at org.openqa.selenium.remote.codec.w3c.W3CHttpResponseCodec.decode(W3CHttpResponseCodec.java:133)
	at org.openqa.selenium.remote.codec.w3c.W3CHttpResponseCodec.decode(W3CHttpResponseCodec.java:53)
	at org.openqa.selenium.remote.HttpCommandExecutor.execute(HttpCommandExecutor.java:184)
	at org.openqa.selenium.remote.service.DriverCommandExecutor.invokeExecute(DriverCommandExecutor.java:167)
	at org.openqa.selenium.remote.service.DriverCommandExecutor.execute(DriverCommandExecutor.java:142)
	at org.openqa.selenium.remote.RemoteWebDriver.execute(RemoteWebDriver.java:567)
	at org.openqa.selenium.remote.ElementLocation$ElementFinder$2.findElement(ElementLocation.java:162)
	at org.openqa.selenium.remote.ElementLocation.findElement(ElementLocation.java:60)
	at org.openqa.selenium.remote.RemoteWebDriver.findElement(RemoteWebDriver.java:385)
	at org.openqa.selenium.remote.RemoteWebDriver.findElement(RemoteWebDriver.java:377)
	at org.openqa.selenium.support.pagefactory.DefaultElementLocator.findElement(DefaultElementLocator.java:70)
	at org.openqa.selenium.support.pagefactory.internal.LocatingElementHandler.invoke(LocatingElementHandler.java:39)
	at com.sun.proxy.$Proxy30.getText(Unknown Source)
	at pages.CartPage.getProductPrice(CartPage.java:50)
	at tests.Cart_test.product_Price_Validation(Cart_test.java:57)
	at java.util.ArrayList.forEach(ArrayList.java:1257)
... Removed 35 stack frames</div></td></tr></table><p class="totop"><a href="#summary">back to summary</a></p>
<h3 id="m2">tests.Amazon_login_test#login_test</h3><table class="result"><tr class="param"><th>Parameter #1</th><th>Parameter #2</th></tr><tr class="param stripe"><td>Ramakotaiah</td><td>Ramakotaiah@123</td></tr></table><p class="totop"><a href="#summary">back to summary</a></p>
<h3 id="m3">tests.Amazon_login_test#login_test</h3><table class="result"><tr class="param"><th>Parameter #1</th><th>Parameter #2</th></tr><tr class="param stripe"><td>6305804194</td><td>Ramakotaiah@123</td></tr></table><p class="totop"><a href="#summary">back to summary</a></p>
<h3 id="m4">tests.Amazon_login_test#login_test</h3><table class="result"><tr class="param"><th>Parameter #1</th><th>Parameter #2</th></tr><tr class="param stripe"><td>6305804194</td><td>Ramakotaiah</td></tr></table><p class="totop"><a href="#summary">back to summary</a></p>
<h3 id="m5">tests.Cart_test#addToCart_Test</h3><table class="result"><tr class="param"><th>Parameter #1</th></tr><tr class="param stripe"><td>redmi note 11</td></tr></table><p class="totop"><a href="#summary">back to summary</a></p>
<h3 id="m6">tests.Cart_test#subTotalAmountValidation</h3><table class="result"><tr class="param"><th>Parameter #1</th><th>Parameter #2</th></tr><tr class="param stripe"><td>redmi note 11</td><td>iphone 13 pro max</td></tr></table><p class="totop"><a href="#summary">back to summary</a></p>
</body>
</html>
