<?xml version="1.0" encoding="UTF-8"?>
<testng-results skipped="0" failed="2" ignored="0" total="7" passed="5">
  <reporter-output>
  </reporter-output>
  <suite name="amazon-test" duration-ms="252927" started-at="2022-05-05T18:16:07 IST" finished-at="2022-05-05T18:20:20 IST">
    <groups>
    </groups>
    <test name="Test" duration-ms="252927" started-at="2022-05-05T18:16:07 IST" finished-at="2022-05-05T18:20:20 IST">
      <class name="tests.Amazon_login_test">
        <test-method status="PASS" signature="setup()[pri:0, instance:tests.Amazon_login_test@371a67ec]" name="setup" is-config="true" duration-ms="14429" started-at="2022-05-05T18:16:08 IST" finished-at="2022-05-05T18:16:22 IST">
          <reporter-output>
          </reporter-output>
        </test-method> <!-- setup -->
        <test-method status="PASS" signature="login_test(java.lang.String,java.lang.String)[pri:0, instance:tests.Amazon_login_test@371a67ec]" name="login_test" duration-ms="27710" started-at="2022-05-05T18:16:22 IST" data-provider="testdata" finished-at="2022-05-05T18:16:50 IST">
          <params>
            <param index="0">
              <value>
                <![CDATA[6305804194]]>
              </value>
            </param>
            <param index="1">
              <value>
                <![CDATA[Ramakotaiah@123]]>
              </value>
            </param>
          </params>
          <reporter-output>
          </reporter-output>
        </test-method> <!-- login_test -->
        <test-method status="PASS" signature="tearDown()[pri:0, instance:tests.Amazon_login_test@371a67ec]" name="tearDown" is-config="true" duration-ms="1112" started-at="2022-05-05T18:16:50 IST" finished-at="2022-05-05T18:16:51 IST">
          <reporter-output>
          </reporter-output>
        </test-method> <!-- tearDown -->
        <test-method status="PASS" signature="setup()[pri:0, instance:tests.Amazon_login_test@371a67ec]" name="setup" is-config="true" duration-ms="13833" started-at="2022-05-05T18:16:51 IST" finished-at="2022-05-05T18:17:05 IST">
          <reporter-output>
          </reporter-output>
        </test-method> <!-- setup -->
        <test-method status="PASS" signature="login_test(java.lang.String,java.lang.String)[pri:0, instance:tests.Amazon_login_test@371a67ec]" name="login_test" duration-ms="14588" started-at="2022-05-05T18:17:05 IST" data-provider="testdata" finished-at="2022-05-05T18:17:20 IST">
          <params>
            <param index="0">
              <value>
                <![CDATA[6305804194]]>
              </value>
            </param>
            <param index="1">
              <value>
                <![CDATA[Ramakotaiah]]>
              </value>
            </param>
          </params>
          <reporter-output>
          </reporter-output>
        </test-method> <!-- login_test -->
        <test-method status="PASS" signature="tearDown()[pri:0, instance:tests.Amazon_login_test@371a67ec]" name="tearDown" is-config="true" duration-ms="1058" started-at="2022-05-05T18:17:20 IST" finished-at="2022-05-05T18:17:21 IST">
          <reporter-output>
          </reporter-output>
        </test-method> <!-- tearDown -->
        <test-method status="PASS" signature="setup()[pri:0, instance:tests.Amazon_login_test@371a67ec]" name="setup" is-config="true" duration-ms="10225" started-at="2022-05-05T18:17:21 IST" finished-at="2022-05-05T18:17:31 IST">
          <reporter-output>
          </reporter-output>
        </test-method> <!-- setup -->
        <test-method status="PASS" signature="login_test(java.lang.String,java.lang.String)[pri:0, instance:tests.Amazon_login_test@371a67ec]" name="login_test" duration-ms="2239" started-at="2022-05-05T18:17:31 IST" data-provider="testdata" finished-at="2022-05-05T18:17:33 IST">
          <params>
            <param index="0">
              <value>
                <![CDATA[Ramakotaiah]]>
              </value>
            </param>
            <param index="1">
              <value>
                <![CDATA[Ramakotaiah@123]]>
              </value>
            </param>
          </params>
          <reporter-output>
          </reporter-output>
        </test-method> <!-- login_test -->
        <test-method status="PASS" signature="tearDown()[pri:0, instance:tests.Amazon_login_test@371a67ec]" name="tearDown" is-config="true" duration-ms="972" started-at="2022-05-05T18:17:33 IST" finished-at="2022-05-05T18:17:34 IST">
          <reporter-output>
          </reporter-output>
        </test-method> <!-- tearDown -->
      </class> <!-- tests.Amazon_login_test -->
      <class name="tests.Cart_test">
        <test-method status="PASS" signature="setup()[pri:0, instance:tests.Cart_test@74a10858]" name="setup" is-config="true" duration-ms="7550" started-at="2022-05-05T18:17:34 IST" finished-at="2022-05-05T18:17:42 IST">
          <reporter-output>
          </reporter-output>
        </test-method> <!-- setup -->
        <test-method status="PASS" signature="addToCart_Test(java.lang.String)[pri:1, instance:tests.Cart_test@74a10858]" name="addToCart_Test" duration-ms="30209" started-at="2022-05-05T18:17:42 IST" data-provider="testdata" finished-at="2022-05-05T18:18:12 IST">
          <params>
            <param index="0">
              <value>
                <![CDATA[redmi note 11]]>
              </value>
            </param>
          </params>
          <reporter-output>
          </reporter-output>
        </test-method> <!-- addToCart_Test -->
        <test-method status="PASS" signature="tearDown()[pri:0, instance:tests.Cart_test@74a10858]" name="tearDown" is-config="true" duration-ms="1075" started-at="2022-05-05T18:18:12 IST" finished-at="2022-05-05T18:18:13 IST">
          <reporter-output>
          </reporter-output>
        </test-method> <!-- tearDown -->
        <test-method status="PASS" signature="setup()[pri:0, instance:tests.Cart_test@74a10858]" name="setup" is-config="true" duration-ms="6862" started-at="2022-05-05T18:18:13 IST" finished-at="2022-05-05T18:18:20 IST">
          <reporter-output>
          </reporter-output>
        </test-method> <!-- setup -->
        <test-method status="FAIL" signature="RemoveFromCart_Test(java.lang.String)[pri:2, instance:tests.Cart_test@74a10858]" name="RemoveFromCart_Test" duration-ms="26522" started-at="2022-05-05T18:18:20 IST" data-provider="testdata" finished-at="2022-05-05T18:18:47 IST">
          <params>
            <param index="0">
              <value>
                <![CDATA[redmi note 11]]>
              </value>
            </param>
          </params>
          <exception class="java.lang.AssertionError">
            <message>
              <![CDATA[expected [true] but found [false]]]>
            </message>
            <full-stacktrace>
              <![CDATA[java.lang.AssertionError: expected [true] but found [false]
at org.testng.Assert.fail(Assert.java:110)
at org.testng.Assert.failNotEquals(Assert.java:1413)
at org.testng.Assert.assertTrue(Assert.java:56)
at org.testng.Assert.assertTrue(Assert.java:66)
at tests.Cart_test.RemoveFromCart_Test(Cart_test.java:32)
at sun.reflect.NativeMethodAccessorImpl.invoke0(Native Method)
at sun.reflect.NativeMethodAccessorImpl.invoke(NativeMethodAccessorImpl.java:62)
at sun.reflect.DelegatingMethodAccessorImpl.invoke(DelegatingMethodAccessorImpl.java:43)
at java.lang.reflect.Method.invoke(Method.java:498)
at org.testng.internal.invokers.MethodInvocationHelper.invokeMethod(MethodInvocationHelper.java:135)
at org.testng.internal.invokers.TestInvoker.invokeMethod(TestInvoker.java:673)
at org.testng.internal.invokers.TestInvoker.invokeTestMethod(TestInvoker.java:220)
at org.testng.internal.invokers.MethodRunner.runInSequence(MethodRunner.java:50)
at org.testng.internal.invokers.TestInvoker$MethodInvocationAgent.invoke(TestInvoker.java:945)
at org.testng.internal.invokers.TestInvoker.invokeTestMethods(TestInvoker.java:193)
at org.testng.internal.invokers.TestMethodWorker.invokeTestMethods(TestMethodWorker.java:146)
at org.testng.internal.invokers.TestMethodWorker.run(TestMethodWorker.java:128)
at java.util.ArrayList.forEach(ArrayList.java:1257)
at org.testng.TestRunner.privateRun(TestRunner.java:808)
at org.testng.TestRunner.run(TestRunner.java:603)
at org.testng.SuiteRunner.runTest(SuiteRunner.java:429)
at org.testng.SuiteRunner.runSequentially(SuiteRunner.java:423)
at org.testng.SuiteRunner.privateRun(SuiteRunner.java:383)
at org.testng.SuiteRunner.run(SuiteRunner.java:326)
at org.testng.SuiteRunnerWorker.runSuite(SuiteRunnerWorker.java:52)
at org.testng.SuiteRunnerWorker.run(SuiteRunnerWorker.java:95)
at org.testng.TestNG.runSuitesSequentially(TestNG.java:1249)
at org.testng.TestNG.runSuitesLocally(TestNG.java:1169)
at org.testng.TestNG.runSuites(TestNG.java:1092)
at org.testng.TestNG.run(TestNG.java:1060)
at org.apache.maven.surefire.testng.TestNGExecutor.run(TestNGExecutor.java:324)
at org.apache.maven.surefire.testng.TestNGXmlTestSuite.execute(TestNGXmlTestSuite.java:74)
at org.apache.maven.surefire.testng.TestNGProvider.invoke(TestNGProvider.java:123)
at org.apache.maven.surefire.booter.ForkedBooter.runSuitesInProcess(ForkedBooter.java:456)
at org.apache.maven.surefire.booter.ForkedBooter.execute(ForkedBooter.java:169)
at org.apache.maven.surefire.booter.ForkedBooter.run(ForkedBooter.java:595)
at org.apache.maven.surefire.booter.ForkedBooter.main(ForkedBooter.java:581)
]]>
            </full-stacktrace>
          </exception> <!-- java.lang.AssertionError -->
          <reporter-output>
          </reporter-output>
        </test-method> <!-- RemoveFromCart_Test -->
        <test-method status="PASS" signature="tearDown()[pri:0, instance:tests.Cart_test@74a10858]" name="tearDown" is-config="true" duration-ms="1064" started-at="2022-05-05T18:18:47 IST" finished-at="2022-05-05T18:18:48 IST">
          <reporter-output>
          </reporter-output>
        </test-method> <!-- tearDown -->
        <test-method status="PASS" signature="setup()[pri:0, instance:tests.Cart_test@74a10858]" name="setup" is-config="true" duration-ms="5662" started-at="2022-05-05T18:18:48 IST" finished-at="2022-05-05T18:18:53 IST">
          <reporter-output>
          </reporter-output>
        </test-method> <!-- setup -->
        <test-method status="FAIL" signature="product_Price_Validation(java.lang.String)[pri:3, instance:tests.Cart_test@74a10858]" name="product_Price_Validation" duration-ms="33722" started-at="2022-05-05T18:18:53 IST" data-provider="testdata" finished-at="2022-05-05T18:19:27 IST">
          <params>
            <param index="0">
              <value>
                <![CDATA[redmi note 11]]>
              </value>
            </param>
          </params>
          <exception class="org.openqa.selenium.NoSuchElementException">
            <message>
              <![CDATA[no such element: Unable to locate element: {"method":"xpath","selector":"//span[@class='a-price sc-product-price']//span[@class='a-price-whole']"}
  (Session info: chrome=101.0.4951.41)
For documentation on this error, please visit: https://selenium.dev/exceptions/#no_such_element
Build info: version: '4.1.3', revision: '7b1ebf28ef'
System info: host: 'MAVCHN1121513', ip: '192.168.43.97', os.name: 'Windows 10', os.arch: 'amd64', os.version: '10.0', java.version: '1.8.0_241'
Driver info: org.openqa.selenium.chrome.ChromeDriver
Command: [d060178d1f00bec214a351060f64b3ed, findElement {using=xpath, value=//span[@class='a-price sc-product-price']//span[@class='a-price-whole']}]
Capabilities {acceptInsecureCerts: false, browserName: chrome, browserVersion: 101.0.4951.41, chrome: {chromedriverVersion: 101.0.4951.41 (93c720db8323..., userDataDir: C:\Users\ramug\AppData\Loca...}, goog:chromeOptions: {debuggerAddress: localhost:56028}, javascriptEnabled: true, networkConnectionEnabled: false, pageLoadStrategy: normal, platform: WINDOWS, platformName: WINDOWS, proxy: Proxy(), se:cdp: ws://localhost:56028/devtoo..., se:cdpVersion: 101.0.4951.41, setWindowRect: true, strictFileInteractability: false, timeouts: {implicit: 0, pageLoad: 300000, script: 30000}, unhandledPromptBehavior: dismiss and notify, webauthn:extension:credBlob: true, webauthn:extension:largeBlob: true, webauthn:virtualAuthenticators: true}
Session ID: d060178d1f00bec214a351060f64b3ed]]>
            </message>
            <full-stacktrace>
              <![CDATA[org.openqa.selenium.NoSuchElementException: no such element: Unable to locate element: {"method":"xpath","selector":"//span[@class='a-price sc-product-price']//span[@class='a-price-whole']"}
  (Session info: chrome=101.0.4951.41)
For documentation on this error, please visit: https://selenium.dev/exceptions/#no_such_element
Build info: version: '4.1.3', revision: '7b1ebf28ef'
System info: host: 'MAVCHN1121513', ip: '192.168.43.97', os.name: 'Windows 10', os.arch: 'amd64', os.version: '10.0', java.version: '1.8.0_241'
Driver info: org.openqa.selenium.chrome.ChromeDriver
Command: [d060178d1f00bec214a351060f64b3ed, findElement {using=xpath, value=//span[@class='a-price sc-product-price']//span[@class='a-price-whole']}]
Capabilities {acceptInsecureCerts: false, browserName: chrome, browserVersion: 101.0.4951.41, chrome: {chromedriverVersion: 101.0.4951.41 (93c720db8323..., userDataDir: C:\Users\ramug\AppData\Loca...}, goog:chromeOptions: {debuggerAddress: localhost:56028}, javascriptEnabled: true, networkConnectionEnabled: false, pageLoadStrategy: normal, platform: WINDOWS, platformName: WINDOWS, proxy: Proxy(), se:cdp: ws://localhost:56028/devtoo..., se:cdpVersion: 101.0.4951.41, setWindowRect: true, strictFileInteractability: false, timeouts: {implicit: 0, pageLoad: 300000, script: 30000}, unhandledPromptBehavior: dismiss and notify, webauthn:extension:credBlob: true, webauthn:extension:largeBlob: true, webauthn:virtualAuthenticators: true}
Session ID: d060178d1f00bec214a351060f64b3ed
at sun.reflect.NativeConstructorAccessorImpl.newInstance0(Native Method)
at sun.reflect.NativeConstructorAccessorImpl.newInstance(NativeConstructorAccessorImpl.java:62)
at sun.reflect.DelegatingConstructorAccessorImpl.newInstance(DelegatingConstructorAccessorImpl.java:45)
at java.lang.reflect.Constructor.newInstance(Constructor.java:423)
at org.openqa.selenium.remote.codec.w3c.W3CHttpResponseCodec.createException(W3CHttpResponseCodec.java:200)
at org.openqa.selenium.remote.codec.w3c.W3CHttpResponseCodec.decode(W3CHttpResponseCodec.java:133)
at org.openqa.selenium.remote.codec.w3c.W3CHttpResponseCodec.decode(W3CHttpResponseCodec.java:53)
at org.openqa.selenium.remote.HttpCommandExecutor.execute(HttpCommandExecutor.java:184)
at org.openqa.selenium.remote.service.DriverCommandExecutor.invokeExecute(DriverCommandExecutor.java:167)
at org.openqa.selenium.remote.service.DriverCommandExecutor.execute(DriverCommandExecutor.java:142)
at org.openqa.selenium.remote.RemoteWebDriver.execute(RemoteWebDriver.java:567)
at org.openqa.selenium.remote.ElementLocation$ElementFinder$2.findElement(ElementLocation.java:162)
at org.openqa.selenium.remote.ElementLocation.findElement(ElementLocation.java:60)
at org.openqa.selenium.remote.RemoteWebDriver.findElement(RemoteWebDriver.java:385)
at org.openqa.selenium.remote.RemoteWebDriver.findElement(RemoteWebDriver.java:377)
at org.openqa.selenium.support.pagefactory.DefaultElementLocator.findElement(DefaultElementLocator.java:70)
at org.openqa.selenium.support.pagefactory.internal.LocatingElementHandler.invoke(LocatingElementHandler.java:39)
at com.sun.proxy.$Proxy30.getText(Unknown Source)
at pages.CartPage.getProductPrice(CartPage.java:50)
at tests.Cart_test.product_Price_Validation(Cart_test.java:57)
at sun.reflect.NativeMethodAccessorImpl.invoke0(Native Method)
at sun.reflect.NativeMethodAccessorImpl.invoke(NativeMethodAccessorImpl.java:62)
at sun.reflect.DelegatingMethodAccessorImpl.invoke(DelegatingMethodAccessorImpl.java:43)
at java.lang.reflect.Method.invoke(Method.java:498)
at org.testng.internal.invokers.MethodInvocationHelper.invokeMethod(MethodInvocationHelper.java:135)
at org.testng.internal.invokers.TestInvoker.invokeMethod(TestInvoker.java:673)
at org.testng.internal.invokers.TestInvoker.invokeTestMethod(TestInvoker.java:220)
at org.testng.internal.invokers.MethodRunner.runInSequence(MethodRunner.java:50)
at org.testng.internal.invokers.TestInvoker$MethodInvocationAgent.invoke(TestInvoker.java:945)
at org.testng.internal.invokers.TestInvoker.invokeTestMethods(TestInvoker.java:193)
at org.testng.internal.invokers.TestMethodWorker.invokeTestMethods(TestMethodWorker.java:146)
at org.testng.internal.invokers.TestMethodWorker.run(TestMethodWorker.java:128)
at java.util.ArrayList.forEach(ArrayList.java:1257)
at org.testng.TestRunner.privateRun(TestRunner.java:808)
at org.testng.TestRunner.run(TestRunner.java:603)
at org.testng.SuiteRunner.runTest(SuiteRunner.java:429)
at org.testng.SuiteRunner.runSequentially(SuiteRunner.java:423)
at org.testng.SuiteRunner.privateRun(SuiteRunner.java:383)
at org.testng.SuiteRunner.run(SuiteRunner.java:326)
at org.testng.SuiteRunnerWorker.runSuite(SuiteRunnerWorker.java:52)
at org.testng.SuiteRunnerWorker.run(SuiteRunnerWorker.java:95)
at org.testng.TestNG.runSuitesSequentially(TestNG.java:1249)
at org.testng.TestNG.runSuitesLocally(TestNG.java:1169)
at org.testng.TestNG.runSuites(TestNG.java:1092)
at org.testng.TestNG.run(TestNG.java:1060)
at org.apache.maven.surefire.testng.TestNGExecutor.run(TestNGExecutor.java:324)
at org.apache.maven.surefire.testng.TestNGXmlTestSuite.execute(TestNGXmlTestSuite.java:74)
at org.apache.maven.surefire.testng.TestNGProvider.invoke(TestNGProvider.java:123)
at org.apache.maven.surefire.booter.ForkedBooter.runSuitesInProcess(ForkedBooter.java:456)
at org.apache.maven.surefire.booter.ForkedBooter.execute(ForkedBooter.java:169)
at org.apache.maven.surefire.booter.ForkedBooter.run(ForkedBooter.java:595)
at org.apache.maven.surefire.booter.ForkedBooter.main(ForkedBooter.java:581)
]]>
            </full-stacktrace>
          </exception> <!-- org.openqa.selenium.NoSuchElementException -->
          <reporter-output>
          </reporter-output>
        </test-method> <!-- product_Price_Validation -->
        <test-method status="PASS" signature="tearDown()[pri:0, instance:tests.Cart_test@74a10858]" name="tearDown" is-config="true" duration-ms="1115" started-at="2022-05-05T18:19:27 IST" finished-at="2022-05-05T18:19:28 IST">
          <reporter-output>
          </reporter-output>
        </test-method> <!-- tearDown -->
        <test-method status="PASS" signature="setup()[pri:0, instance:tests.Cart_test@74a10858]" name="setup" is-config="true" duration-ms="8915" started-at="2022-05-05T18:19:28 IST" finished-at="2022-05-05T18:19:37 IST">
          <reporter-output>
          </reporter-output>
        </test-method> <!-- setup -->
        <test-method status="PASS" signature="subTotalAmountValidation(java.lang.String,java.lang.String)[pri:4, instance:tests.Cart_test@74a10858]" name="subTotalAmountValidation" duration-ms="41585" started-at="2022-05-05T18:19:37 IST" data-provider="testdata" finished-at="2022-05-05T18:20:19 IST">
          <params>
            <param index="0">
              <value>
                <![CDATA[redmi note 11]]>
              </value>
            </param>
            <param index="1">
              <value>
                <![CDATA[iphone 13 pro max]]>
              </value>
            </param>
          </params>
          <reporter-output>
          </reporter-output>
        </test-method> <!-- subTotalAmountValidation -->
        <test-method status="PASS" signature="tearDown()[pri:0, instance:tests.Cart_test@74a10858]" name="tearDown" is-config="true" duration-ms="1081" started-at="2022-05-05T18:20:19 IST" finished-at="2022-05-05T18:20:20 IST">
          <reporter-output>
          </reporter-output>
        </test-method> <!-- tearDown -->
      </class> <!-- tests.Cart_test -->
    </test> <!-- Test -->
  </suite> <!-- amazon-test -->
</testng-results>
